Data: 24999 trajectories (19999 train, 5000 test)
  Each: torch.Size([24999, 25, 2048])
Model: 21,027,840 (21.0M) params
Test: 5000 trajectories, zero MSE = 0.01697
Epoch   0 | train=0.01447 | test=0.01208 | cos=0.5342 | best=0.01208 | R²=0.2881 | 102s | 0.010ep/s
Epoch   1 | train=0.01124 | test=0.01061 | cos=0.6102 | best=0.01061 | R²=0.3748 | 147s | 0.014ep/s
Epoch   2 | train=0.01002 | test=0.00964 | cos=0.6550 | best=0.00964 | R²=0.4321 | 198s | 0.015ep/s
Epoch   3 | train=0.00914 | test=0.00884 | cos=0.6901 | best=0.00884 | R²=0.4789 | 236s | 0.017ep/s
Epoch   4 | train=0.00838 | test=0.00820 | cos=0.7178 | best=0.00820 | R²=0.5171 | 273s | 0.018ep/s
Epoch   5 | train=0.00779 | test=0.00769 | cos=0.7385 | best=0.00769 | R²=0.5469 | 311s | 0.019ep/s
Epoch   6 | train=0.00739 | test=0.00737 | cos=0.7513 | best=0.00737 | R²=0.5657 | 349s | 0.020ep/s
Epoch   7 | train=0.00711 | test=0.00716 | cos=0.7596 | best=0.00716 | R²=0.5781 | 388s | 0.021ep/s
Epoch   8 | train=0.00692 | test=0.00701 | cos=0.7655 | best=0.00701 | R²=0.5869 | 428s | 0.021ep/s
Epoch   9 | train=0.00679 | test=0.00690 | cos=0.7697 | best=0.00690 | R²=0.5932 | 469s | 0.021ep/s
Epoch  10 | train=0.00669 | test=0.00683 | cos=0.7727 | best=0.00683 | R²=0.5978 | 510s | 0.022ep/s
Epoch  11 | train=0.00661 | test=0.00678 | cos=0.7747 | best=0.00678 | R²=0.6007 | 551s | 0.022ep/s
Epoch  12 | train=0.00654 | test=0.00672 | cos=0.7767 | best=0.00672 | R²=0.6040 | 593s | 0.022ep/s
Epoch  13 | train=0.00649 | test=0.00668 | cos=0.7783 | best=0.00668 | R²=0.6064 | 635s | 0.022ep/s
Epoch  14 | train=0.00645 | test=0.00666 | cos=0.7791 | best=0.00666 | R²=0.6077 | 676s | 0.022ep/s
Epoch  15 | train=0.00641 | test=0.00663 | cos=0.7801 | best=0.00663 | R²=0.6093 | 718s | 0.022ep/s
Epoch  16 | train=0.00638 | test=0.00661 | cos=0.7810 | best=0.00661 | R²=0.6108 | 763s | 0.022ep/s
Epoch  17 | train=0.00635 | test=0.00659 | cos=0.7817 | best=0.00659 | R²=0.6116 | 807s | 0.022ep/s
Epoch  18 | train=0.00633 | test=0.00658 | cos=0.7821 | best=0.00658 | R²=0.6125 | 851s | 0.022ep/s
Epoch  19 | train=0.00630 | test=0.00656 | cos=0.7828 | best=0.00656 | R²=0.6135 | 895s | 0.022ep/s
Epoch  20 | train=0.00628 | test=0.00655 | cos=0.7831 | best=0.00655 | R²=0.6140 | 938s | 0.022ep/s
Epoch  21 | train=0.00627 | test=0.00654 | cos=0.7834 | best=0.00654 | R²=0.6145 | 980s | 0.022ep/s
Epoch  22 | train=0.00625 | test=0.00653 | cos=0.7839 | best=0.00653 | R²=0.6151 | 1022s | 0.023ep/s
Epoch  23 | train=0.00624 | test=0.00652 | cos=0.7842 | best=0.00652 | R²=0.6157 | 1066s | 0.023ep/s
Epoch  24 | train=0.00622 | test=0.00651 | cos=0.7846 | best=0.00651 | R²=0.6162 | 1108s | 0.023ep/s
Epoch  25 | train=0.00621 | test=0.00652 | cos=0.7845 | best=0.00651 | R²=0.6162 | 1154s | 0.023ep/s
Epoch  26 | train=0.00620 | test=0.00651 | cos=0.7848 | best=0.00651 | R²=0.6165 | 1195s | 0.023ep/s
Epoch  27 | train=0.00619 | test=0.00650 | cos=0.7850 | best=0.00650 | R²=0.6170 | 1236s | 0.023ep/s
Epoch  28 | train=0.00618 | test=0.00650 | cos=0.7852 | best=0.00650 | R²=0.6171 | 1277s | 0.023ep/s
Epoch  29 | train=0.00617 | test=0.00649 | cos=0.7855 | best=0.00649 | R²=0.6175 | 1317s | 0.023ep/s
Epoch  30 | train=0.00616 | test=0.00649 | cos=0.7854 | best=0.00649 | R²=0.6175 | 1358s | 0.023ep/s
Epoch  31 | train=0.00615 | test=0.00648 | cos=0.7858 | best=0.00648 | R²=0.6181 | 1399s | 0.023ep/s
Epoch  32 | train=0.00614 | test=0.00648 | cos=0.7860 | best=0.00648 | R²=0.6184 | 1440s | 0.023ep/s
Epoch  33 | train=0.00614 | test=0.00648 | cos=0.7860 | best=0.00648 | R²=0.6185 | 1481s | 0.023ep/s
Epoch  34 | train=0.00613 | test=0.00647 | cos=0.7861 | best=0.00647 | R²=0.6186 | 1523s | 0.023ep/s
Epoch  35 | train=0.00612 | test=0.00647 | cos=0.7861 | best=0.00647 | R²=0.6186 | 1564s | 0.023ep/s
Epoch  36 | train=0.00612 | test=0.00647 | cos=0.7861 | best=0.00647 | R²=0.6187 | 1605s | 0.023ep/s
Epoch  37 | train=0.00611 | test=0.00647 | cos=0.7864 | best=0.00647 | R²=0.6190 | 1646s | 0.023ep/s
Epoch  38 | train=0.00611 | test=0.00646 | cos=0.7865 | best=0.00646 | R²=0.6192 | 1689s | 0.023ep/s
Epoch  39 | train=0.00610 | test=0.00646 | cos=0.7865 | best=0.00646 | R²=0.6192 | 1735s | 0.023ep/s
Epoch  40 | train=0.00610 | test=0.00646 | cos=0.7867 | best=0.00646 | R²=0.6195 | 1776s | 0.023ep/s
Epoch  41 | train=0.00609 | test=0.00646 | cos=0.7867 | best=0.00646 | R²=0.6195 | 1817s | 0.023ep/s
Epoch  42 | train=0.00609 | test=0.00646 | cos=0.7866 | best=0.00646 | R²=0.6195 | 1859s | 0.023ep/s
Epoch  43 | train=0.00608 | test=0.00646 | cos=0.7868 | best=0.00646 | R²=0.6196 | 1900s | 0.023ep/s
Epoch  44 | train=0.00608 | test=0.00645 | cos=0.7868 | best=0.00645 | R²=0.6197 | 1941s | 0.023ep/s
Epoch  45 | train=0.00607 | test=0.00645 | cos=0.7869 | best=0.00645 | R²=0.6198 | 1983s | 0.023ep/s
Epoch  46 | train=0.00607 | test=0.00645 | cos=0.7869 | best=0.00645 | R²=0.6199 | 2024s | 0.023ep/s
Epoch  47 | train=0.00607 | test=0.00645 | cos=0.7871 | best=0.00645 | R²=0.6202 | 2064s | 0.023ep/s
Epoch  48 | train=0.00606 | test=0.00645 | cos=0.7871 | best=0.00645 | R²=0.6202 | 2104s | 0.023ep/s
Epoch  49 | train=0.00606 | test=0.00645 | cos=0.7871 | best=0.00645 | R²=0.6202 | 2145s | 0.023ep/s
Epoch  50 | train=0.00606 | test=0.00644 | cos=0.7872 | best=0.00644 | R²=0.6203 | 2187s | 0.023ep/s
Epoch  51 | train=0.00605 | test=0.00644 | cos=0.7873 | best=0.00644 | R²=0.6204 | 2229s | 0.023ep/s
Epoch  52 | train=0.00605 | test=0.00644 | cos=0.7872 | best=0.00644 | R²=0.6204 | 2270s | 0.023ep/s
Epoch  53 | train=0.00605 | test=0.00644 | cos=0.7872 | best=0.00644 | R²=0.6204 | 2311s | 0.023ep/s
Epoch  54 | train=0.00604 | test=0.00644 | cos=0.7873 | best=0.00644 | R²=0.6204 | 2352s | 0.023ep/s
Epoch  55 | train=0.00604 | test=0.00644 | cos=0.7874 | best=0.00644 | R²=0.6206 | 2392s | 0.023ep/s
Epoch  56 | train=0.00604 | test=0.00644 | cos=0.7874 | best=0.00644 | R²=0.6206 | 2433s | 0.023ep/s
Epoch  57 | train=0.00603 | test=0.00644 | cos=0.7875 | best=0.00644 | R²=0.6207 | 2475s | 0.023ep/s
Epoch  58 | train=0.00603 | test=0.00644 | cos=0.7874 | best=0.00644 | R²=0.6207 | 2516s | 0.023ep/s
Epoch  59 | train=0.00603 | test=0.00644 | cos=0.7875 | best=0.00644 | R²=0.6207 | 2556s | 0.023ep/s
Epoch  60 | train=0.00603 | test=0.00644 | cos=0.7874 | best=0.00644 | R²=0.6207 | 2600s | 0.023ep/s
Epoch  61 | train=0.00602 | test=0.00644 | cos=0.7875 | best=0.00644 | R²=0.6207 | 2673s | 0.023ep/s
Epoch  62 | train=0.00602 | test=0.00644 | cos=0.7875 | best=0.00644 | R²=0.6208 | 2719s | 0.023ep/s
Epoch  63 | train=0.00602 | test=0.00644 | cos=0.7875 | best=0.00644 | R²=0.6208 | 2764s | 0.023ep/s
Epoch  64 | train=0.00602 | test=0.00644 | cos=0.7875 | best=0.00644 | R²=0.6208 | 2810s | 0.023ep/s
Epoch  65 | train=0.00602 | test=0.00643 | cos=0.7877 | best=0.00643 | R²=0.6209 | 2856s | 0.023ep/s
Epoch  66 | train=0.00601 | test=0.00644 | cos=0.7876 | best=0.00643 | R²=0.6209 | 2902s | 0.023ep/s
Epoch  67 | train=0.00601 | test=0.00643 | cos=0.7877 | best=0.00643 | R²=0.6210 | 2948s | 0.023ep/s
Epoch  68 | train=0.00601 | test=0.00643 | cos=0.7878 | best=0.00643 | R²=0.6212 | 2994s | 0.023ep/s
Epoch  69 | train=0.00601 | test=0.00643 | cos=0.7877 | best=0.00643 | R²=0.6212 | 3040s | 0.023ep/s
Epoch  70 | train=0.00600 | test=0.00643 | cos=0.7877 | best=0.00643 | R²=0.6212 | 3085s | 0.023ep/s
Epoch  71 | train=0.00600 | test=0.00643 | cos=0.7877 | best=0.00643 | R²=0.6212 | 3131s | 0.023ep/s
Epoch  72 | train=0.00600 | test=0.00643 | cos=0.7878 | best=0.00643 | R²=0.6212 | 3177s | 0.023ep/s
Epoch  73 | train=0.00600 | test=0.00643 | cos=0.7877 | best=0.00643 | R²=0.6212 | 3223s | 0.023ep/s
Epoch  74 | train=0.00600 | test=0.00643 | cos=0.7877 | best=0.00643 | R²=0.6212 | 3267s | 0.023ep/s
Epoch  75 | train=0.00600 | test=0.00643 | cos=0.7878 | best=0.00643 | R²=0.6212 | 3310s | 0.023ep/s
Epoch  76 | train=0.00600 | test=0.00643 | cos=0.7878 | best=0.00643 | R²=0.6212 | 3352s | 0.023ep/s
Epoch  77 | train=0.00599 | test=0.00643 | cos=0.7878 | best=0.00643 | R²=0.6212 | 3400s | 0.023ep/s
Epoch  78 | train=0.00599 | test=0.00643 | cos=0.7878 | best=0.00643 | R²=0.6212 | 3448s | 0.023ep/s
Epoch  79 | train=0.00599 | test=0.00643 | cos=0.7879 | best=0.00643 | R²=0.6213 | 3541s | 0.023ep/s
Epoch  80 | train=0.00599 | test=0.00643 | cos=0.7878 | best=0.00643 | R²=0.6213 | 3616s | 0.022ep/s
Epoch  81 | train=0.00599 | test=0.00643 | cos=0.7879 | best=0.00643 | R²=0.6213 | 3673s | 0.022ep/s
Epoch  82 | train=0.00598 | test=0.00643 | cos=0.7879 | best=0.00643 | R²=0.6213 | 3722s | 0.022ep/s
Epoch  83 | train=0.00599 | test=0.00643 | cos=0.7879 | best=0.00643 | R²=0.6213 | 3796s | 0.022ep/s
Epoch  84 | train=0.00598 | test=0.00643 | cos=0.7878 | best=0.00643 | R²=0.6213 | 3845s | 0.022ep/s
Epoch  85 | train=0.00598 | test=0.00643 | cos=0.7878 | best=0.00643 | R²=0.6213 | 3913s | 0.022ep/s
Epoch  86 | train=0.00598 | test=0.00643 | cos=0.7878 | best=0.00643 | R²=0.6213 | 3972s | 0.022ep/s
Epoch  87 | train=0.00598 | test=0.00643 | cos=0.7878 | best=0.00643 | R²=0.6213 | 4029s | 0.022ep/s
Epoch  88 | train=0.00598 | test=0.00642 | cos=0.7879 | best=0.00642 | R²=0.6215 | 4091s | 0.022ep/s
Epoch  89 | train=0.00598 | test=0.00643 | cos=0.7878 | best=0.00642 | R²=0.6215 | 4167s | 0.022ep/s
Epoch  90 | train=0.00598 | test=0.00643 | cos=0.7879 | best=0.00642 | R²=0.6215 | 4242s | 0.021ep/s
Epoch  91 | train=0.00597 | test=0.00643 | cos=0.7878 | best=0.00642 | R²=0.6215 | 4336s | 0.021ep/s
Epoch  92 | train=0.00597 | test=0.00643 | cos=0.7879 | best=0.00642 | R²=0.6215 | 4424s | 0.021ep/s
Epoch  93 | train=0.00597 | test=0.00643 | cos=0.7879 | best=0.00642 | R²=0.6215 | 4500s | 0.021ep/s
Epoch  94 | train=0.00597 | test=0.00642 | cos=0.7880 | best=0.00642 | R²=0.6215 | 4598s | 0.021ep/s
Epoch  95 | train=0.00597 | test=0.00643 | cos=0.7879 | best=0.00642 | R²=0.6215 | 4695s | 0.020ep/s
Epoch  96 | train=0.00597 | test=0.00643 | cos=0.7879 | best=0.00642 | R²=0.6215 | 4802s | 0.020ep/s
Epoch  97 | train=0.00597 | test=0.00643 | cos=0.7879 | best=0.00642 | R²=0.6215 | 4908s | 0.020ep/s
Epoch  98 | train=0.00597 | test=0.00643 | cos=0.7880 | best=0.00642 | R²=0.6215 | 5014s | 0.020ep/s
Epoch  99 | train=0.00596 | test=0.00643 | cos=0.7880 | best=0.00642 | R²=0.6215 | 5116s | 0.020ep/s

Done: 5116s | Best test: 0.00642 | Zero: 0.01697 | R²: 0.6215
